[debug] [2022-10-28T02:41:25.986Z] ----------------------------------------------------------------------
[debug] [2022-10-28T02:41:25.990Z] Command:       C:\Program Files\nodejs\node.exe C:\Users\Ravindra.Gaikwad\AppData\Roaming\npm\node_modules\firebase-tools\lib\bin\firebase.js deploy
[debug] [2022-10-28T02:41:25.992Z] CLI Version:   11.0.1
[debug] [2022-10-28T02:41:25.992Z] Platform:      win32
[debug] [2022-10-28T02:41:25.992Z] Node Version:  v16.14.2
[debug] [2022-10-28T02:41:25.999Z] Time:          Thu Oct 27 2022 22:41:25 GMT-0400 (Eastern Daylight Time)
[debug] [2022-10-28T02:41:26.000Z] ----------------------------------------------------------------------
[debug] 
[debug] [2022-10-28T02:41:26.009Z] >>> [apiv2][query] GET https://firebase-public.firebaseio.com/cli.json [none]
[debug] [2022-10-28T02:41:26.207Z] > command requires scopes: ["email","openid","https://www.googleapis.com/auth/cloudplatformprojects.readonly","https://www.googleapis.com/auth/firebase","https://www.googleapis.com/auth/cloud-platform"]
[debug] [2022-10-28T02:41:26.208Z] > authorizing via signed-in user (ravindragaikwad@gmail.com)
[debug] [2022-10-28T02:41:26.208Z] [iam] checking project spider-web-2022 for permissions ["firebase.projects.get","firebasehosting.sites.update"]
[debug] [2022-10-28T02:41:26.211Z] > refreshing access token with scopes: []
[debug] [2022-10-28T02:41:26.212Z] >>> HTTP REQUEST POST https://www.googleapis.com/oauth2/v3/token  
 <request body omitted>
[debug] [2022-10-28T02:41:26.337Z] <<< [apiv2][status] GET https://firebase-public.firebaseio.com/cli.json 200
[debug] [2022-10-28T02:41:26.338Z] <<< [apiv2][body] GET https://firebase-public.firebaseio.com/cli.json {"cloudBuildErrorAfter":1594252800000,"cloudBuildWarnAfter":1590019200000,"defaultNode10After":1594252800000,"minVersion":"3.0.5","node8DeploysDisabledAfter":1613390400000,"node8RuntimeDisabledAfter":1615809600000,"node8WarnAfter":1600128000000}
[debug] [2022-10-28T02:41:26.360Z] [iam] error while checking permissions, command may fail: FirebaseError: Authentication Error: Your credentials are no longer valid. Please run firebase login --reauth

For CI servers and headless environments, generate a new token with firebase login:ci
[debug] [2022-10-28T02:41:26.362Z] > refreshing access token with scopes: []
[debug] [2022-10-28T02:41:26.363Z] >>> HTTP REQUEST POST https://www.googleapis.com/oauth2/v3/token  
 <request body omitted>
[debug] [2022-10-28T02:41:26.424Z] Authentication Error: Your credentials are no longer valid. Please run firebase login --reauth

For CI servers and headless environments, generate a new token with firebase login:ci
[debug] [2022-10-28T02:41:26.592Z] FirebaseError: Authentication Error: Your credentials are no longer valid. Please run firebase login --reauth

For CI servers and headless environments, generate a new token with firebase login:ci
    at invalidCredentialError (C:\Users\Ravindra.Gaikwad\AppData\Roaming\npm\node_modules\firebase-tools\lib\auth.js:145:12)
    at refreshTokens (C:\Users\Ravindra.Gaikwad\AppData\Roaming\npm\node_modules\firebase-tools\lib\auth.js:485:15)
    at processTicksAndRejections (node:internal/process/task_queues:96:5)
    at async Client.getAccessToken (C:\Users\Ravindra.Gaikwad\AppData\Roaming\npm\node_modules\firebase-tools\lib\apiv2.js:147:23)
    at async Client.addAuthHeader (C:\Users\Ravindra.Gaikwad\AppData\Roaming\npm\node_modules\firebase-tools\lib\apiv2.js:138:21)
    at async Client.request (C:\Users\Ravindra.Gaikwad\AppData\Roaming\npm\node_modules\firebase-tools\lib\apiv2.js:94:34)
    at async getFirebaseProject (C:\Users\Ravindra.Gaikwad\AppData\Roaming\npm\node_modules\firebase-tools\lib\management\projects.js:296:21)
    at async getDefaultHostingSite (C:\Users\Ravindra.Gaikwad\AppData\Roaming\npm\node_modules\firebase-tools\lib\getDefaultHostingSite.js:8:21)
    at async requireHostingSite (C:\Users\Ravindra.Gaikwad\AppData\Roaming\npm\node_modules\firebase-tools\lib\requireHostingSite.js:9:18)
    at async Object.fn (C:\Users\Ravindra.Gaikwad\AppData\Roaming\npm\node_modules\firebase-tools\lib\commands\deploy.js:73:9)
    at async C:\Users\Ravindra.Gaikwad\AppData\Roaming\npm\node_modules\firebase-tools\lib\command.js:188:17
[error] 
[error] Error: Failed to get Firebase project spider-web-2022. Please make sure the project exists and your account has permission to access it.
